[debug] [2023-05-02T16:15:04.064Z] ----------------------------------------------------------------------
[debug] [2023-05-02T16:15:04.068Z] Command:       /home/rakesh/.nvm/versions/node/v16.19.0/bin/node /home/rakesh/.nvm/versions/node/v16.19.0/bin/firebase deploy -f
[debug] [2023-05-02T16:15:04.069Z] CLI Version:   11.29.1
[debug] [2023-05-02T16:15:04.069Z] Platform:      linux
[debug] [2023-05-02T16:15:04.069Z] Node Version:  v16.19.0
[debug] [2023-05-02T16:15:04.071Z] Time:          Tue May 02 2023 21:45:04 GMT+0530 (India Standard Time)
[debug] [2023-05-02T16:15:04.072Z] ----------------------------------------------------------------------
[debug] 
[debug] [2023-05-02T16:15:04.298Z] > command requires scopes: ["email","openid","https://www.googleapis.com/auth/cloudplatformprojects.readonly","https://www.googleapis.com/auth/firebase","https://www.googleapis.com/auth/cloud-platform"]
[debug] [2023-05-02T16:15:04.299Z] > authorizing via signed-in user (rakeshsinghss970@gmail.com)
[debug] [2023-05-02T16:15:04.299Z] [iam] checking project socialbook-dfac1 for permissions ["firebase.projects.get","firebasehosting.sites.update"]
[debug] [2023-05-02T16:15:04.305Z] >>> [apiv2][query] POST https://cloudresourcemanager.googleapis.com/v1/projects/socialbook-dfac1:testIamPermissions [none]
[debug] [2023-05-02T16:15:04.306Z] >>> [apiv2][(partial)header] POST https://cloudresourcemanager.googleapis.com/v1/projects/socialbook-dfac1:testIamPermissions x-goog-quota-user=projects/socialbook-dfac1
[debug] [2023-05-02T16:15:04.306Z] >>> [apiv2][body] POST https://cloudresourcemanager.googleapis.com/v1/projects/socialbook-dfac1:testIamPermissions {"permissions":["firebase.projects.get","firebasehosting.sites.update"]}
[debug] [2023-05-02T16:15:10.790Z] <<< [apiv2][status] POST https://cloudresourcemanager.googleapis.com/v1/projects/socialbook-dfac1:testIamPermissions 200
[debug] [2023-05-02T16:15:10.792Z] <<< [apiv2][body] POST https://cloudresourcemanager.googleapis.com/v1/projects/socialbook-dfac1:testIamPermissions {"permissions":["firebase.projects.get","firebasehosting.sites.update"]}
[debug] [2023-05-02T16:15:10.795Z] >>> [apiv2][query] GET https://firebase.googleapis.com/v1beta1/projects/socialbook-dfac1 [none]
[debug] [2023-05-02T16:15:11.595Z] <<< [apiv2][status] GET https://firebase.googleapis.com/v1beta1/projects/socialbook-dfac1 200
[debug] [2023-05-02T16:15:11.595Z] <<< [apiv2][body] GET https://firebase.googleapis.com/v1beta1/projects/socialbook-dfac1 {"projectId":"socialbook-dfac1","projectNumber":"476558584203","displayName":"socialBook","name":"projects/socialbook-dfac1","resources":{"hostingSite":"socialbook-dfac1","realtimeDatabaseInstance":"socialbook-dfac1-default-rtdb"},"state":"ACTIVE","etag":"1_9c1bcf42-c823-4f18-8036-560b4c85aead"}
[info] 
[info] === Deploying to 'socialbook-dfac1'...
[info] 
[info] i  deploying hosting 
[debug] [2023-05-02T16:15:11.607Z] >>> [apiv2][query] POST https://firebasehosting.googleapis.com/v1beta1/projects/-/sites/socialbook-dfac1/versions [none]
[debug] [2023-05-02T16:15:11.607Z] >>> [apiv2][body] POST https://firebasehosting.googleapis.com/v1beta1/projects/-/sites/socialbook-dfac1/versions {"status":"CREATED","labels":{"deployment-tool":"cli-firebase"}}
[debug] [2023-05-02T16:15:17.954Z] <<< [apiv2][status] POST https://firebasehosting.googleapis.com/v1beta1/projects/-/sites/socialbook-dfac1/versions 200
[debug] [2023-05-02T16:15:17.955Z] <<< [apiv2][body] POST https://firebasehosting.googleapis.com/v1beta1/projects/-/sites/socialbook-dfac1/versions {"name":"projects/476558584203/sites/socialbook-dfac1/versions/ee01d7d0318a3c12","status":"CREATED","config":{},"labels":{"deployment-tool":"cli-firebase"}}
[info] i  hosting[socialbook-dfac1]: beginning deploy... 
[info] i  hosting[socialbook-dfac1]: found 17 files in build 
[debug] [2023-05-02T16:15:17.992Z] [hosting] uploading with 200 concurrency
[debug] [2023-05-02T16:15:18.017Z] [hosting] hash cache [YnVpbGQ] stored for 17 files
[debug] [2023-05-02T16:15:18.018Z] [hosting][hash queue][FINAL] {"max":6,"min":3,"avg":3,"active":0,"complete":17,"success":17,"errored":0,"retried":0,"total":17,"elapsed":19}
[debug] [2023-05-02T16:15:18.019Z] >>> [apiv2][query] POST https://firebasehosting.googleapis.com/v1beta1/projects/476558584203/sites/socialbook-dfac1/versions/ee01d7d0318a3c12:populateFiles [none]
[debug] [2023-05-02T16:15:18.019Z] >>> [apiv2][body] POST https://firebasehosting.googleapis.com/v1beta1/projects/476558584203/sites/socialbook-dfac1/versions/ee01d7d0318a3c12:populateFiles {"files":{"/asset-manifest.json":"a5c749c55786a20231bf7ef7175e726452c254f60ed3b8034e4215b62163f811","/firebase-messaging-sw.js":"d7611320ac08c8867cce9680a9c3ee2f050e0ad8765d44e21a7091a93e1a5fbf","/index.html":"84cb8ef8b37f40942ffa24ad57193e9c669b474eb95f50004449d598f8708821","/static/css/main.15d2d966.css":"af5f319fb51d9b2a19f056e756f73f3010a70900fd171b9d334893e8cfccc6be","/static/css/main.15d2d966.css.map":"4bf2a0385aa658b212bf5ad26704afc0cb0972f74181a7d5a0449131ca69f65d","/static/js/main.bb138a7b.js":"ac2baba196e0a7d8e475bc9b97fc44793fe62f65b404721c792574c38b113fa8","/static/js/main.bb138a7b.js.LICENSE.txt":"7578b48e3d514da5caa0d8cf9be5fe061500f8c05d94663b3c2d9203b8f1c819","/static/js/main.bb138a7b.js.map":"7d9267bfc98fc4169cf5fb7438e25d08a98ac1065cf37865ff061095915305be","/static/media/frontpage.2c19f0fa34ff920cd328.png":"28eaf8d004a6584e39d0a84996846ab6cfcfb0f3e8ff2c47933e4071ac8e8ef0","/static/media/photo (1).96ef0454a796c58c445e.jpg":"64c8d34481fcddbaea49329ce6b05c22131c0db888504a3b80e9bdcd6e8b05e7","/static/media/photo (2).e9ebf4fea0769a98f14f.jpg":"aa04c5b5ce4779f45b756ee9c9047862fad7c8ce620507fb1367d1376cfddea8","/static/media/photo (3).092f352ef441597938bb.jpg":"961b6fb5ffdfaccca8b041f1e10abfd718229510851b1b1be97a10c986358b2e","/static/media/photo (4).07e56904f062659e267e.jpg":"ed0800cd3aa16a0e6fa212fde21157f4d12faac83cbe1bfaca46787ff0c77b02","/static/media/photo (5).5ec4dc35c34715b60be2.jpg":"1387e3151aa1b5863997e752e4ce92ac49b8a94db880b64c44c2f388d1a87da6","/static/media/photo (6).8872edd8b78c0946cb32.jpg":"04e85528d493226388b9d55ee4daf9f472a656b74565fb7211a68b31715d3a56","/static/media/photo (7).f46e4206c8dc63d181e8.jpg":"0936e4c56dcb60262ca0d7ec491b0c43f699453908d34adb927652da4edf2eba","/static/media/photo (8).930d05d3fd2941c79e97.jpg":"afe493f0e19401a894346e6cbb91f9ff4b1daa60cbbecb486aa5584b06864934"}}
[debug] [2023-05-02T16:15:19.684Z] <<< [apiv2][status] POST https://firebasehosting.googleapis.com/v1beta1/projects/476558584203/sites/socialbook-dfac1/versions/ee01d7d0318a3c12:populateFiles 200
[debug] [2023-05-02T16:15:19.684Z] <<< [apiv2][body] POST https://firebasehosting.googleapis.com/v1beta1/projects/476558584203/sites/socialbook-dfac1/versions/ee01d7d0318a3c12:populateFiles {"uploadRequiredHashes":["aa04c5b5ce4779f45b756ee9c9047862fad7c8ce620507fb1367d1376cfddea8","28eaf8d004a6584e39d0a84996846ab6cfcfb0f3e8ff2c47933e4071ac8e8ef0","7d9267bfc98fc4169cf5fb7438e25d08a98ac1065cf37865ff061095915305be","0936e4c56dcb60262ca0d7ec491b0c43f699453908d34adb927652da4edf2eba","afe493f0e19401a894346e6cbb91f9ff4b1daa60cbbecb486aa5584b06864934"],"uploadUrl":"https://upload-firebasehosting.googleapis.com/upload/sites/socialbook-dfac1/versions/ee01d7d0318a3c12/files"}
[debug] [2023-05-02T16:15:19.689Z] >>> [apiv2][query] POST https://upload-firebasehosting.googleapis.com/upload/sites/socialbook-dfac1/versions/ee01d7d0318a3c12/files/aa04c5b5ce4779f45b756ee9c9047862fad7c8ce620507fb1367d1376cfddea8 [none]
[debug] [2023-05-02T16:15:19.689Z] >>> [apiv2][body] POST https://upload-firebasehosting.googleapis.com/upload/sites/socialbook-dfac1/versions/ee01d7d0318a3c12/files/aa04c5b5ce4779f45b756ee9c9047862fad7c8ce620507fb1367d1376cfddea8 [stream]
[debug] [2023-05-02T16:15:19.692Z] >>> [apiv2][query] POST https://upload-firebasehosting.googleapis.com/upload/sites/socialbook-dfac1/versions/ee01d7d0318a3c12/files/28eaf8d004a6584e39d0a84996846ab6cfcfb0f3e8ff2c47933e4071ac8e8ef0 [none]
[debug] [2023-05-02T16:15:19.692Z] >>> [apiv2][body] POST https://upload-firebasehosting.googleapis.com/upload/sites/socialbook-dfac1/versions/ee01d7d0318a3c12/files/28eaf8d004a6584e39d0a84996846ab6cfcfb0f3e8ff2c47933e4071ac8e8ef0 [stream]
[debug] [2023-05-02T16:15:19.694Z] >>> [apiv2][query] POST https://upload-firebasehosting.googleapis.com/upload/sites/socialbook-dfac1/versions/ee01d7d0318a3c12/files/7d9267bfc98fc4169cf5fb7438e25d08a98ac1065cf37865ff061095915305be [none]
[debug] [2023-05-02T16:15:19.694Z] >>> [apiv2][body] POST https://upload-firebasehosting.googleapis.com/upload/sites/socialbook-dfac1/versions/ee01d7d0318a3c12/files/7d9267bfc98fc4169cf5fb7438e25d08a98ac1065cf37865ff061095915305be [stream]
[debug] [2023-05-02T16:15:19.696Z] >>> [apiv2][query] POST https://upload-firebasehosting.googleapis.com/upload/sites/socialbook-dfac1/versions/ee01d7d0318a3c12/files/0936e4c56dcb60262ca0d7ec491b0c43f699453908d34adb927652da4edf2eba [none]
[debug] [2023-05-02T16:15:19.697Z] >>> [apiv2][body] POST https://upload-firebasehosting.googleapis.com/upload/sites/socialbook-dfac1/versions/ee01d7d0318a3c12/files/0936e4c56dcb60262ca0d7ec491b0c43f699453908d34adb927652da4edf2eba [stream]
[debug] [2023-05-02T16:15:19.698Z] >>> [apiv2][query] POST https://upload-firebasehosting.googleapis.com/upload/sites/socialbook-dfac1/versions/ee01d7d0318a3c12/files/afe493f0e19401a894346e6cbb91f9ff4b1daa60cbbecb486aa5584b06864934 [none]
[debug] [2023-05-02T16:15:19.699Z] >>> [apiv2][body] POST https://upload-firebasehosting.googleapis.com/upload/sites/socialbook-dfac1/versions/ee01d7d0318a3c12/files/afe493f0e19401a894346e6cbb91f9ff4b1daa60cbbecb486aa5584b06864934 [stream]
[debug] [2023-05-02T16:15:19.701Z] [hosting][populate queue][FINAL] {"max":1682,"min":1682,"avg":1682,"active":0,"complete":1,"success":1,"errored":0,"retried":0,"total":1,"elapsed":1695}
[debug] [2023-05-02T16:15:19.701Z] [hosting] uploads queued: 5
[debug] [2023-05-02T16:16:02.777Z] [uploadQueue] Retrying task afe493f0e19401a894346e6cbb91f9ff4b1daa60cbbecb486aa5584b06864934
[debug] [2023-05-02T16:16:02.779Z] >>> [apiv2][query] POST https://upload-firebasehosting.googleapis.com/upload/sites/socialbook-dfac1/versions/ee01d7d0318a3c12/files/afe493f0e19401a894346e6cbb91f9ff4b1daa60cbbecb486aa5584b06864934 [none]
[debug] [2023-05-02T16:16:02.779Z] >>> [apiv2][body] POST https://upload-firebasehosting.googleapis.com/upload/sites/socialbook-dfac1/versions/ee01d7d0318a3c12/files/afe493f0e19401a894346e6cbb91f9ff4b1daa60cbbecb486aa5584b06864934 [stream]
[debug] [2023-05-02T16:16:14.849Z] [uploadQueue] Retrying task 0936e4c56dcb60262ca0d7ec491b0c43f699453908d34adb927652da4edf2eba
[debug] [2023-05-02T16:16:14.851Z] >>> [apiv2][query] POST https://upload-firebasehosting.googleapis.com/upload/sites/socialbook-dfac1/versions/ee01d7d0318a3c12/files/0936e4c56dcb60262ca0d7ec491b0c43f699453908d34adb927652da4edf2eba [none]
[debug] [2023-05-02T16:16:14.852Z] >>> [apiv2][body] POST https://upload-firebasehosting.googleapis.com/upload/sites/socialbook-dfac1/versions/ee01d7d0318a3c12/files/0936e4c56dcb60262ca0d7ec491b0c43f699453908d34adb927652da4edf2eba [stream]
[debug] [2023-05-02T16:16:20.568Z] [uploadQueue] Retrying task 28eaf8d004a6584e39d0a84996846ab6cfcfb0f3e8ff2c47933e4071ac8e8ef0
[debug] [2023-05-02T16:16:20.570Z] >>> [apiv2][query] POST https://upload-firebasehosting.googleapis.com/upload/sites/socialbook-dfac1/versions/ee01d7d0318a3c12/files/28eaf8d004a6584e39d0a84996846ab6cfcfb0f3e8ff2c47933e4071ac8e8ef0 [none]
[debug] [2023-05-02T16:16:20.570Z] >>> [apiv2][body] POST https://upload-firebasehosting.googleapis.com/upload/sites/socialbook-dfac1/versions/ee01d7d0318a3c12/files/28eaf8d004a6584e39d0a84996846ab6cfcfb0f3e8ff2c47933e4071ac8e8ef0 [stream]
[debug] [2023-05-02T16:16:23.606Z] [uploadQueue] Retrying task aa04c5b5ce4779f45b756ee9c9047862fad7c8ce620507fb1367d1376cfddea8
[debug] [2023-05-02T16:16:23.608Z] >>> [apiv2][query] POST https://upload-firebasehosting.googleapis.com/upload/sites/socialbook-dfac1/versions/ee01d7d0318a3c12/files/aa04c5b5ce4779f45b756ee9c9047862fad7c8ce620507fb1367d1376cfddea8 [none]
[debug] [2023-05-02T16:16:23.608Z] >>> [apiv2][body] POST https://upload-firebasehosting.googleapis.com/upload/sites/socialbook-dfac1/versions/ee01d7d0318a3c12/files/aa04c5b5ce4779f45b756ee9c9047862fad7c8ce620507fb1367d1376cfddea8 [stream]
[debug] [2023-05-02T16:16:46.259Z] [uploadQueue] Retrying task afe493f0e19401a894346e6cbb91f9ff4b1daa60cbbecb486aa5584b06864934
[debug] [2023-05-02T16:16:46.260Z] >>> [apiv2][query] POST https://upload-firebasehosting.googleapis.com/upload/sites/socialbook-dfac1/versions/ee01d7d0318a3c12/files/afe493f0e19401a894346e6cbb91f9ff4b1daa60cbbecb486aa5584b06864934 [none]
[debug] [2023-05-02T16:16:46.260Z] >>> [apiv2][body] POST https://upload-firebasehosting.googleapis.com/upload/sites/socialbook-dfac1/versions/ee01d7d0318a3c12/files/afe493f0e19401a894346e6cbb91f9ff4b1daa60cbbecb486aa5584b06864934 [stream]
[debug] [2023-05-02T16:17:10.411Z] [uploadQueue] Retrying task 0936e4c56dcb60262ca0d7ec491b0c43f699453908d34adb927652da4edf2eba
[debug] [2023-05-02T16:17:10.412Z] >>> [apiv2][query] POST https://upload-firebasehosting.googleapis.com/upload/sites/socialbook-dfac1/versions/ee01d7d0318a3c12/files/0936e4c56dcb60262ca0d7ec491b0c43f699453908d34adb927652da4edf2eba [none]
[debug] [2023-05-02T16:17:10.412Z] >>> [apiv2][body] POST https://upload-firebasehosting.googleapis.com/upload/sites/socialbook-dfac1/versions/ee01d7d0318a3c12/files/0936e4c56dcb60262ca0d7ec491b0c43f699453908d34adb927652da4edf2eba [stream]
[debug] [2023-05-02T16:17:21.850Z] [uploadQueue] Retrying task 28eaf8d004a6584e39d0a84996846ab6cfcfb0f3e8ff2c47933e4071ac8e8ef0
[debug] [2023-05-02T16:17:21.854Z] >>> [apiv2][query] POST https://upload-firebasehosting.googleapis.com/upload/sites/socialbook-dfac1/versions/ee01d7d0318a3c12/files/28eaf8d004a6584e39d0a84996846ab6cfcfb0f3e8ff2c47933e4071ac8e8ef0 [none]
[debug] [2023-05-02T16:17:21.854Z] >>> [apiv2][body] POST https://upload-firebasehosting.googleapis.com/upload/sites/socialbook-dfac1/versions/ee01d7d0318a3c12/files/28eaf8d004a6584e39d0a84996846ab6cfcfb0f3e8ff2c47933e4071ac8e8ef0 [stream]
[debug] [2023-05-02T16:17:27.929Z] [uploadQueue] Retrying task aa04c5b5ce4779f45b756ee9c9047862fad7c8ce620507fb1367d1376cfddea8
[debug] [2023-05-02T16:17:27.931Z] >>> [apiv2][query] POST https://upload-firebasehosting.googleapis.com/upload/sites/socialbook-dfac1/versions/ee01d7d0318a3c12/files/aa04c5b5ce4779f45b756ee9c9047862fad7c8ce620507fb1367d1376cfddea8 [none]
[debug] [2023-05-02T16:17:27.931Z] >>> [apiv2][body] POST https://upload-firebasehosting.googleapis.com/upload/sites/socialbook-dfac1/versions/ee01d7d0318a3c12/files/aa04c5b5ce4779f45b756ee9c9047862fad7c8ce620507fb1367d1376cfddea8 [stream]
[debug] [2023-05-02T16:17:30.542Z] [uploadQueue] Retrying task afe493f0e19401a894346e6cbb91f9ff4b1daa60cbbecb486aa5584b06864934
[debug] [2023-05-02T16:17:30.543Z] >>> [apiv2][query] POST https://upload-firebasehosting.googleapis.com/upload/sites/socialbook-dfac1/versions/ee01d7d0318a3c12/files/afe493f0e19401a894346e6cbb91f9ff4b1daa60cbbecb486aa5584b06864934 [none]
[debug] [2023-05-02T16:17:30.543Z] >>> [apiv2][body] POST https://upload-firebasehosting.googleapis.com/upload/sites/socialbook-dfac1/versions/ee01d7d0318a3c12/files/afe493f0e19401a894346e6cbb91f9ff4b1daa60cbbecb486aa5584b06864934 [stream]
[debug] [2023-05-02T16:18:06.773Z] [uploadQueue] Retrying task 0936e4c56dcb60262ca0d7ec491b0c43f699453908d34adb927652da4edf2eba
[debug] [2023-05-02T16:18:06.774Z] >>> [apiv2][query] POST https://upload-firebasehosting.googleapis.com/upload/sites/socialbook-dfac1/versions/ee01d7d0318a3c12/files/0936e4c56dcb60262ca0d7ec491b0c43f699453908d34adb927652da4edf2eba [none]
[debug] [2023-05-02T16:18:06.775Z] >>> [apiv2][body] POST https://upload-firebasehosting.googleapis.com/upload/sites/socialbook-dfac1/versions/ee01d7d0318a3c12/files/0936e4c56dcb60262ca0d7ec491b0c43f699453908d34adb927652da4edf2eba [stream]
[debug] [2023-05-02T16:18:16.424Z] [uploadQueue] Retrying task afe493f0e19401a894346e6cbb91f9ff4b1daa60cbbecb486aa5584b06864934
[debug] [2023-05-02T16:18:16.425Z] >>> [apiv2][query] POST https://upload-firebasehosting.googleapis.com/upload/sites/socialbook-dfac1/versions/ee01d7d0318a3c12/files/afe493f0e19401a894346e6cbb91f9ff4b1daa60cbbecb486aa5584b06864934 [none]
[debug] [2023-05-02T16:18:16.425Z] >>> [apiv2][body] POST https://upload-firebasehosting.googleapis.com/upload/sites/socialbook-dfac1/versions/ee01d7d0318a3c12/files/afe493f0e19401a894346e6cbb91f9ff4b1daa60cbbecb486aa5584b06864934 [stream]
[debug] [2023-05-02T16:18:23.933Z] [uploadQueue] Retrying task 28eaf8d004a6584e39d0a84996846ab6cfcfb0f3e8ff2c47933e4071ac8e8ef0
[debug] [2023-05-02T16:18:23.935Z] >>> [apiv2][query] POST https://upload-firebasehosting.googleapis.com/upload/sites/socialbook-dfac1/versions/ee01d7d0318a3c12/files/28eaf8d004a6584e39d0a84996846ab6cfcfb0f3e8ff2c47933e4071ac8e8ef0 [none]
[debug] [2023-05-02T16:18:23.935Z] >>> [apiv2][body] POST https://upload-firebasehosting.googleapis.com/upload/sites/socialbook-dfac1/versions/ee01d7d0318a3c12/files/28eaf8d004a6584e39d0a84996846ab6cfcfb0f3e8ff2c47933e4071ac8e8ef0 [stream]
[debug] [2023-05-02T16:18:33.051Z] [uploadQueue] Retrying task aa04c5b5ce4779f45b756ee9c9047862fad7c8ce620507fb1367d1376cfddea8
[debug] [2023-05-02T16:18:33.053Z] >>> [apiv2][query] POST https://upload-firebasehosting.googleapis.com/upload/sites/socialbook-dfac1/versions/ee01d7d0318a3c12/files/aa04c5b5ce4779f45b756ee9c9047862fad7c8ce620507fb1367d1376cfddea8 [none]
[debug] [2023-05-02T16:18:33.053Z] >>> [apiv2][body] POST https://upload-firebasehosting.googleapis.com/upload/sites/socialbook-dfac1/versions/ee01d7d0318a3c12/files/aa04c5b5ce4779f45b756ee9c9047862fad7c8ce620507fb1367d1376cfddea8 [stream]
[debug] [2023-05-02T16:19:04.734Z] [uploadQueue] Retrying task 0936e4c56dcb60262ca0d7ec491b0c43f699453908d34adb927652da4edf2eba
[debug] [2023-05-02T16:19:04.736Z] >>> [apiv2][query] POST https://upload-firebasehosting.googleapis.com/upload/sites/socialbook-dfac1/versions/ee01d7d0318a3c12/files/0936e4c56dcb60262ca0d7ec491b0c43f699453908d34adb927652da4edf2eba [none]
[debug] [2023-05-02T16:19:04.737Z] >>> [apiv2][body] POST https://upload-firebasehosting.googleapis.com/upload/sites/socialbook-dfac1/versions/ee01d7d0318a3c12/files/0936e4c56dcb60262ca0d7ec491b0c43f699453908d34adb927652da4edf2eba [stream]
[debug] [2023-05-02T16:19:05.506Z] [uploadQueue] Retrying task afe493f0e19401a894346e6cbb91f9ff4b1daa60cbbecb486aa5584b06864934
[debug] [2023-05-02T16:19:05.507Z] >>> [apiv2][query] POST https://upload-firebasehosting.googleapis.com/upload/sites/socialbook-dfac1/versions/ee01d7d0318a3c12/files/afe493f0e19401a894346e6cbb91f9ff4b1daa60cbbecb486aa5584b06864934 [none]
[debug] [2023-05-02T16:19:05.508Z] >>> [apiv2][body] POST https://upload-firebasehosting.googleapis.com/upload/sites/socialbook-dfac1/versions/ee01d7d0318a3c12/files/afe493f0e19401a894346e6cbb91f9ff4b1daa60cbbecb486aa5584b06864934 [stream]
[debug] [2023-05-02T16:19:06.688Z] [uploadQueue] Retrying task 7d9267bfc98fc4169cf5fb7438e25d08a98ac1065cf37865ff061095915305be
[debug] [2023-05-02T16:19:06.689Z] >>> [apiv2][query] POST https://upload-firebasehosting.googleapis.com/upload/sites/socialbook-dfac1/versions/ee01d7d0318a3c12/files/7d9267bfc98fc4169cf5fb7438e25d08a98ac1065cf37865ff061095915305be [none]
[debug] [2023-05-02T16:19:06.689Z] >>> [apiv2][body] POST https://upload-firebasehosting.googleapis.com/upload/sites/socialbook-dfac1/versions/ee01d7d0318a3c12/files/7d9267bfc98fc4169cf5fb7438e25d08a98ac1065cf37865ff061095915305be [stream]
[debug] [2023-05-02T16:19:27.614Z] [uploadQueue] Retrying task 28eaf8d004a6584e39d0a84996846ab6cfcfb0f3e8ff2c47933e4071ac8e8ef0
[debug] [2023-05-02T16:19:27.615Z] >>> [apiv2][query] POST https://upload-firebasehosting.googleapis.com/upload/sites/socialbook-dfac1/versions/ee01d7d0318a3c12/files/28eaf8d004a6584e39d0a84996846ab6cfcfb0f3e8ff2c47933e4071ac8e8ef0 [none]
[debug] [2023-05-02T16:19:27.616Z] >>> [apiv2][body] POST https://upload-firebasehosting.googleapis.com/upload/sites/socialbook-dfac1/versions/ee01d7d0318a3c12/files/28eaf8d004a6584e39d0a84996846ab6cfcfb0f3e8ff2c47933e4071ac8e8ef0 [stream]
[debug] [2023-05-02T16:19:39.773Z] [uploadQueue] Retrying task aa04c5b5ce4779f45b756ee9c9047862fad7c8ce620507fb1367d1376cfddea8
[debug] [2023-05-02T16:19:39.775Z] >>> [apiv2][query] POST https://upload-firebasehosting.googleapis.com/upload/sites/socialbook-dfac1/versions/ee01d7d0318a3c12/files/aa04c5b5ce4779f45b756ee9c9047862fad7c8ce620507fb1367d1376cfddea8 [none]
[debug] [2023-05-02T16:19:39.775Z] >>> [apiv2][body] POST https://upload-firebasehosting.googleapis.com/upload/sites/socialbook-dfac1/versions/ee01d7d0318a3c12/files/aa04c5b5ce4779f45b756ee9c9047862fad7c8ce620507fb1367d1376cfddea8 [stream]
[debug] Task afe493f0e19401a894346e6cbb91f9ff4b1daa60cbbecb486aa5584b06864934 failed: retries exhausted after 6 attempts, with error: Timeout reached making request to https://upload-firebasehosting.googleapis.com/upload/sites/socialbook-dfac1/versions/ee01d7d0318a3c12/files/afe493f0e19401a894346e6cbb91f9ff4b1daa60cbbecb486aa5584b06864934
[debug] [2023-05-02T16:19:48.188Z] [hosting][upload queue][FINAL] {"max":0,"min":9999999999,"avg":0,"active":4,"complete":1,"success":0,"errored":1,"retried":18,"total":5,"elapsed":268503}
[debug] [2023-05-02T16:19:53.203Z] Error: Timed out.
    at Timeout._onTimeout (/home/rakesh/.nvm/versions/node/v16.19.0/lib/node_modules/firebase-tools/lib/utils.js:253:49)
    at listOnTimeout (node:internal/timers:559:17)
    at processTimers (node:internal/timers:502:7)
[error] 
[error] Error: An unexpected error has occurred.
[debug] [2023-05-02T16:35:03.769Z] ----------------------------------------------------------------------
[debug] [2023-05-02T16:35:03.772Z] Command:       /home/rakesh/.nvm/versions/node/v16.19.0/bin/node /home/rakesh/.nvm/versions/node/v16.19.0/bin/firebase deploy --except functions
[debug] [2023-05-02T16:35:03.773Z] CLI Version:   11.29.1
[debug] [2023-05-02T16:35:03.773Z] Platform:      linux
[debug] [2023-05-02T16:35:03.773Z] Node Version:  v16.19.0
[debug] [2023-05-02T16:35:03.774Z] Time:          Tue May 02 2023 22:05:03 GMT+0530 (India Standard Time)
[debug] [2023-05-02T16:35:03.774Z] ----------------------------------------------------------------------
[debug] 
[debug] [2023-05-02T16:35:03.890Z] > command requires scopes: ["email","openid","https://www.googleapis.com/auth/cloudplatformprojects.readonly","https://www.googleapis.com/auth/firebase","https://www.googleapis.com/auth/cloud-platform"]
[debug] [2023-05-02T16:35:03.891Z] > authorizing via signed-in user (rakeshsinghss970@gmail.com)
[debug] [2023-05-02T16:35:03.891Z] [iam] checking project socialbook-dfac1 for permissions ["firebase.projects.get","firebasehosting.sites.update"]
[debug] [2023-05-02T16:35:03.894Z] >>> [apiv2][query] POST https://cloudresourcemanager.googleapis.com/v1/projects/socialbook-dfac1:testIamPermissions [none]
[debug] [2023-05-02T16:35:03.895Z] >>> [apiv2][(partial)header] POST https://cloudresourcemanager.googleapis.com/v1/projects/socialbook-dfac1:testIamPermissions x-goog-quota-user=projects/socialbook-dfac1
[debug] [2023-05-02T16:35:03.895Z] >>> [apiv2][body] POST https://cloudresourcemanager.googleapis.com/v1/projects/socialbook-dfac1:testIamPermissions {"permissions":["firebase.projects.get","firebasehosting.sites.update"]}
[debug] [2023-05-02T16:35:06.305Z] <<< [apiv2][status] POST https://cloudresourcemanager.googleapis.com/v1/projects/socialbook-dfac1:testIamPermissions 200
[debug] [2023-05-02T16:35:06.305Z] <<< [apiv2][body] POST https://cloudresourcemanager.googleapis.com/v1/projects/socialbook-dfac1:testIamPermissions {"permissions":["firebase.projects.get","firebasehosting.sites.update"]}
[debug] [2023-05-02T16:35:06.308Z] >>> [apiv2][query] GET https://firebase.googleapis.com/v1beta1/projects/socialbook-dfac1 [none]
[debug] [2023-05-02T16:35:07.423Z] <<< [apiv2][status] GET https://firebase.googleapis.com/v1beta1/projects/socialbook-dfac1 200
[debug] [2023-05-02T16:35:07.423Z] <<< [apiv2][body] GET https://firebase.googleapis.com/v1beta1/projects/socialbook-dfac1 {"projectId":"socialbook-dfac1","projectNumber":"476558584203","displayName":"socialBook","name":"projects/socialbook-dfac1","resources":{"hostingSite":"socialbook-dfac1","realtimeDatabaseInstance":"socialbook-dfac1-default-rtdb"},"state":"ACTIVE","etag":"1_9c1bcf42-c823-4f18-8036-560b4c85aead"}
[info] 
[info] === Deploying to 'socialbook-dfac1'...
[info] 
[info] i  deploying hosting 
[debug] [2023-05-02T16:35:07.435Z] >>> [apiv2][query] POST https://firebasehosting.googleapis.com/v1beta1/projects/-/sites/socialbook-dfac1/versions [none]
[debug] [2023-05-02T16:35:07.436Z] >>> [apiv2][body] POST https://firebasehosting.googleapis.com/v1beta1/projects/-/sites/socialbook-dfac1/versions {"status":"CREATED","labels":{"deployment-tool":"cli-firebase"}}
[debug] [2023-05-02T16:35:09.982Z] <<< [apiv2][status] POST https://firebasehosting.googleapis.com/v1beta1/projects/-/sites/socialbook-dfac1/versions 200
[debug] [2023-05-02T16:35:09.983Z] <<< [apiv2][body] POST https://firebasehosting.googleapis.com/v1beta1/projects/-/sites/socialbook-dfac1/versions {"name":"projects/476558584203/sites/socialbook-dfac1/versions/e96712f7ccc03d2b","status":"CREATED","config":{},"labels":{"deployment-tool":"cli-firebase"}}
[info] i  hosting[socialbook-dfac1]: beginning deploy... 
[info] i  hosting[socialbook-dfac1]: found 17 files in build 
[debug] [2023-05-02T16:35:09.999Z] [hosting] uploading with 200 concurrency
[debug] [2023-05-02T16:35:10.009Z] [hosting] hash cache [YnVpbGQ] stored for 17 files
[debug] [2023-05-02T16:35:10.009Z] [hosting][hash queue][FINAL] {"max":2,"min":1,"avg":1,"active":0,"complete":17,"success":17,"errored":0,"retried":0,"total":17,"elapsed":5}
[debug] [2023-05-02T16:35:10.010Z] >>> [apiv2][query] POST https://firebasehosting.googleapis.com/v1beta1/projects/476558584203/sites/socialbook-dfac1/versions/e96712f7ccc03d2b:populateFiles [none]
[debug] [2023-05-02T16:35:10.010Z] >>> [apiv2][body] POST https://firebasehosting.googleapis.com/v1beta1/projects/476558584203/sites/socialbook-dfac1/versions/e96712f7ccc03d2b:populateFiles {"files":{"/asset-manifest.json":"a5c749c55786a20231bf7ef7175e726452c254f60ed3b8034e4215b62163f811","/firebase-messaging-sw.js":"d7611320ac08c8867cce9680a9c3ee2f050e0ad8765d44e21a7091a93e1a5fbf","/index.html":"84cb8ef8b37f40942ffa24ad57193e9c669b474eb95f50004449d598f8708821","/static/css/main.15d2d966.css":"af5f319fb51d9b2a19f056e756f73f3010a70900fd171b9d334893e8cfccc6be","/static/css/main.15d2d966.css.map":"4bf2a0385aa658b212bf5ad26704afc0cb0972f74181a7d5a0449131ca69f65d","/static/js/main.bb138a7b.js":"ac2baba196e0a7d8e475bc9b97fc44793fe62f65b404721c792574c38b113fa8","/static/js/main.bb138a7b.js.LICENSE.txt":"7578b48e3d514da5caa0d8cf9be5fe061500f8c05d94663b3c2d9203b8f1c819","/static/js/main.bb138a7b.js.map":"7d9267bfc98fc4169cf5fb7438e25d08a98ac1065cf37865ff061095915305be","/static/media/frontpage.2c19f0fa34ff920cd328.png":"28eaf8d004a6584e39d0a84996846ab6cfcfb0f3e8ff2c47933e4071ac8e8ef0","/static/media/photo (1).96ef0454a796c58c445e.jpg":"64c8d34481fcddbaea49329ce6b05c22131c0db888504a3b80e9bdcd6e8b05e7","/static/media/photo (2).e9ebf4fea0769a98f14f.jpg":"aa04c5b5ce4779f45b756ee9c9047862fad7c8ce620507fb1367d1376cfddea8","/static/media/photo (3).092f352ef441597938bb.jpg":"961b6fb5ffdfaccca8b041f1e10abfd718229510851b1b1be97a10c986358b2e","/static/media/photo (4).07e56904f062659e267e.jpg":"ed0800cd3aa16a0e6fa212fde21157f4d12faac83cbe1bfaca46787ff0c77b02","/static/media/photo (5).5ec4dc35c34715b60be2.jpg":"1387e3151aa1b5863997e752e4ce92ac49b8a94db880b64c44c2f388d1a87da6","/static/media/photo (6).8872edd8b78c0946cb32.jpg":"04e85528d493226388b9d55ee4daf9f472a656b74565fb7211a68b31715d3a56","/static/media/photo (7).f46e4206c8dc63d181e8.jpg":"0936e4c56dcb60262ca0d7ec491b0c43f699453908d34adb927652da4edf2eba","/static/media/photo (8).930d05d3fd2941c79e97.jpg":"afe493f0e19401a894346e6cbb91f9ff4b1daa60cbbecb486aa5584b06864934"}}
[debug] [2023-05-02T16:35:11.725Z] <<< [apiv2][status] POST https://firebasehosting.googleapis.com/v1beta1/projects/476558584203/sites/socialbook-dfac1/versions/e96712f7ccc03d2b:populateFiles 200
[debug] [2023-05-02T16:35:11.725Z] <<< [apiv2][body] POST https://firebasehosting.googleapis.com/v1beta1/projects/476558584203/sites/socialbook-dfac1/versions/e96712f7ccc03d2b:populateFiles {"uploadRequiredHashes":["aa04c5b5ce4779f45b756ee9c9047862fad7c8ce620507fb1367d1376cfddea8","0936e4c56dcb60262ca0d7ec491b0c43f699453908d34adb927652da4edf2eba","28eaf8d004a6584e39d0a84996846ab6cfcfb0f3e8ff2c47933e4071ac8e8ef0","7d9267bfc98fc4169cf5fb7438e25d08a98ac1065cf37865ff061095915305be","afe493f0e19401a894346e6cbb91f9ff4b1daa60cbbecb486aa5584b06864934"],"uploadUrl":"https://upload-firebasehosting.googleapis.com/upload/sites/socialbook-dfac1/versions/e96712f7ccc03d2b/files"}
[debug] [2023-05-02T16:35:11.733Z] >>> [apiv2][query] POST https://upload-firebasehosting.googleapis.com/upload/sites/socialbook-dfac1/versions/e96712f7ccc03d2b/files/aa04c5b5ce4779f45b756ee9c9047862fad7c8ce620507fb1367d1376cfddea8 [none]
[debug] [2023-05-02T16:35:11.733Z] >>> [apiv2][body] POST https://upload-firebasehosting.googleapis.com/upload/sites/socialbook-dfac1/versions/e96712f7ccc03d2b/files/aa04c5b5ce4779f45b756ee9c9047862fad7c8ce620507fb1367d1376cfddea8 [stream]
[debug] [2023-05-02T16:35:11.737Z] >>> [apiv2][query] POST https://upload-firebasehosting.googleapis.com/upload/sites/socialbook-dfac1/versions/e96712f7ccc03d2b/files/0936e4c56dcb60262ca0d7ec491b0c43f699453908d34adb927652da4edf2eba [none]
[debug] [2023-05-02T16:35:11.737Z] >>> [apiv2][body] POST https://upload-firebasehosting.googleapis.com/upload/sites/socialbook-dfac1/versions/e96712f7ccc03d2b/files/0936e4c56dcb60262ca0d7ec491b0c43f699453908d34adb927652da4edf2eba [stream]
[debug] [2023-05-02T16:35:11.739Z] >>> [apiv2][query] POST https://upload-firebasehosting.googleapis.com/upload/sites/socialbook-dfac1/versions/e96712f7ccc03d2b/files/28eaf8d004a6584e39d0a84996846ab6cfcfb0f3e8ff2c47933e4071ac8e8ef0 [none]
[debug] [2023-05-02T16:35:11.739Z] >>> [apiv2][body] POST https://upload-firebasehosting.googleapis.com/upload/sites/socialbook-dfac1/versions/e96712f7ccc03d2b/files/28eaf8d004a6584e39d0a84996846ab6cfcfb0f3e8ff2c47933e4071ac8e8ef0 [stream]
[debug] [2023-05-02T16:35:11.740Z] >>> [apiv2][query] POST https://upload-firebasehosting.googleapis.com/upload/sites/socialbook-dfac1/versions/e96712f7ccc03d2b/files/7d9267bfc98fc4169cf5fb7438e25d08a98ac1065cf37865ff061095915305be [none]
[debug] [2023-05-02T16:35:11.740Z] >>> [apiv2][body] POST https://upload-firebasehosting.googleapis.com/upload/sites/socialbook-dfac1/versions/e96712f7ccc03d2b/files/7d9267bfc98fc4169cf5fb7438e25d08a98ac1065cf37865ff061095915305be [stream]
[debug] [2023-05-02T16:35:11.742Z] >>> [apiv2][query] POST https://upload-firebasehosting.googleapis.com/upload/sites/socialbook-dfac1/versions/e96712f7ccc03d2b/files/afe493f0e19401a894346e6cbb91f9ff4b1daa60cbbecb486aa5584b06864934 [none]
[debug] [2023-05-02T16:35:11.742Z] >>> [apiv2][body] POST https://upload-firebasehosting.googleapis.com/upload/sites/socialbook-dfac1/versions/e96712f7ccc03d2b/files/afe493f0e19401a894346e6cbb91f9ff4b1daa60cbbecb486aa5584b06864934 [stream]
[debug] [2023-05-02T16:35:11.743Z] [hosting][populate queue][FINAL] {"max":1725,"min":1725,"avg":1725,"active":0,"complete":1,"success":1,"errored":0,"retried":0,"total":1,"elapsed":1736}
[debug] [2023-05-02T16:35:11.743Z] [hosting] uploads queued: 5
[debug] [2023-05-02T16:35:54.815Z] [uploadQueue] Retrying task afe493f0e19401a894346e6cbb91f9ff4b1daa60cbbecb486aa5584b06864934
[debug] [2023-05-02T16:35:54.817Z] >>> [apiv2][query] POST https://upload-firebasehosting.googleapis.com/upload/sites/socialbook-dfac1/versions/e96712f7ccc03d2b/files/afe493f0e19401a894346e6cbb91f9ff4b1daa60cbbecb486aa5584b06864934 [none]
[debug] [2023-05-02T16:35:54.817Z] >>> [apiv2][body] POST https://upload-firebasehosting.googleapis.com/upload/sites/socialbook-dfac1/versions/e96712f7ccc03d2b/files/afe493f0e19401a894346e6cbb91f9ff4b1daa60cbbecb486aa5584b06864934 [stream]
[debug] [2023-05-02T16:36:06.890Z] [uploadQueue] Retrying task 0936e4c56dcb60262ca0d7ec491b0c43f699453908d34adb927652da4edf2eba
[debug] [2023-05-02T16:36:06.892Z] >>> [apiv2][query] POST https://upload-firebasehosting.googleapis.com/upload/sites/socialbook-dfac1/versions/e96712f7ccc03d2b/files/0936e4c56dcb60262ca0d7ec491b0c43f699453908d34adb927652da4edf2eba [none]
[debug] [2023-05-02T16:36:06.892Z] >>> [apiv2][body] POST https://upload-firebasehosting.googleapis.com/upload/sites/socialbook-dfac1/versions/e96712f7ccc03d2b/files/0936e4c56dcb60262ca0d7ec491b0c43f699453908d34adb927652da4edf2eba [stream]
[debug] [2023-05-02T16:36:12.612Z] [uploadQueue] Retrying task 28eaf8d004a6584e39d0a84996846ab6cfcfb0f3e8ff2c47933e4071ac8e8ef0
[debug] [2023-05-02T16:36:12.614Z] >>> [apiv2][query] POST https://upload-firebasehosting.googleapis.com/upload/sites/socialbook-dfac1/versions/e96712f7ccc03d2b/files/28eaf8d004a6584e39d0a84996846ab6cfcfb0f3e8ff2c47933e4071ac8e8ef0 [none]
[debug] [2023-05-02T16:36:12.614Z] >>> [apiv2][body] POST https://upload-firebasehosting.googleapis.com/upload/sites/socialbook-dfac1/versions/e96712f7ccc03d2b/files/28eaf8d004a6584e39d0a84996846ab6cfcfb0f3e8ff2c47933e4071ac8e8ef0 [stream]
[debug] [2023-05-02T16:36:15.649Z] [uploadQueue] Retrying task aa04c5b5ce4779f45b756ee9c9047862fad7c8ce620507fb1367d1376cfddea8
[debug] [2023-05-02T16:36:15.650Z] >>> [apiv2][query] POST https://upload-firebasehosting.googleapis.com/upload/sites/socialbook-dfac1/versions/e96712f7ccc03d2b/files/aa04c5b5ce4779f45b756ee9c9047862fad7c8ce620507fb1367d1376cfddea8 [none]
[debug] [2023-05-02T16:36:15.650Z] >>> [apiv2][body] POST https://upload-firebasehosting.googleapis.com/upload/sites/socialbook-dfac1/versions/e96712f7ccc03d2b/files/aa04c5b5ce4779f45b756ee9c9047862fad7c8ce620507fb1367d1376cfddea8 [stream]
[debug] [2023-05-02T16:36:38.297Z] [uploadQueue] Retrying task afe493f0e19401a894346e6cbb91f9ff4b1daa60cbbecb486aa5584b06864934
[debug] [2023-05-02T16:36:38.298Z] >>> [apiv2][query] POST https://upload-firebasehosting.googleapis.com/upload/sites/socialbook-dfac1/versions/e96712f7ccc03d2b/files/afe493f0e19401a894346e6cbb91f9ff4b1daa60cbbecb486aa5584b06864934 [none]
[debug] [2023-05-02T16:36:38.299Z] >>> [apiv2][body] POST https://upload-firebasehosting.googleapis.com/upload/sites/socialbook-dfac1/versions/e96712f7ccc03d2b/files/afe493f0e19401a894346e6cbb91f9ff4b1daa60cbbecb486aa5584b06864934 [stream]
[debug] [2023-05-02T16:37:02.452Z] [uploadQueue] Retrying task 0936e4c56dcb60262ca0d7ec491b0c43f699453908d34adb927652da4edf2eba
[debug] [2023-05-02T16:37:02.454Z] >>> [apiv2][query] POST https://upload-firebasehosting.googleapis.com/upload/sites/socialbook-dfac1/versions/e96712f7ccc03d2b/files/0936e4c56dcb60262ca0d7ec491b0c43f699453908d34adb927652da4edf2eba [none]
[debug] [2023-05-02T16:37:02.454Z] >>> [apiv2][body] POST https://upload-firebasehosting.googleapis.com/upload/sites/socialbook-dfac1/versions/e96712f7ccc03d2b/files/0936e4c56dcb60262ca0d7ec491b0c43f699453908d34adb927652da4edf2eba [stream]
[debug] [2023-05-02T16:37:13.894Z] [uploadQueue] Retrying task 28eaf8d004a6584e39d0a84996846ab6cfcfb0f3e8ff2c47933e4071ac8e8ef0
[debug] [2023-05-02T16:37:13.896Z] >>> [apiv2][query] POST https://upload-firebasehosting.googleapis.com/upload/sites/socialbook-dfac1/versions/e96712f7ccc03d2b/files/28eaf8d004a6584e39d0a84996846ab6cfcfb0f3e8ff2c47933e4071ac8e8ef0 [none]
[debug] [2023-05-02T16:37:13.896Z] >>> [apiv2][body] POST https://upload-firebasehosting.googleapis.com/upload/sites/socialbook-dfac1/versions/e96712f7ccc03d2b/files/28eaf8d004a6584e39d0a84996846ab6cfcfb0f3e8ff2c47933e4071ac8e8ef0 [stream]
[debug] [2023-05-02T16:37:19.971Z] [uploadQueue] Retrying task aa04c5b5ce4779f45b756ee9c9047862fad7c8ce620507fb1367d1376cfddea8
[debug] [2023-05-02T16:37:19.972Z] >>> [apiv2][query] POST https://upload-firebasehosting.googleapis.com/upload/sites/socialbook-dfac1/versions/e96712f7ccc03d2b/files/aa04c5b5ce4779f45b756ee9c9047862fad7c8ce620507fb1367d1376cfddea8 [none]
[debug] [2023-05-02T16:37:19.973Z] >>> [apiv2][body] POST https://upload-firebasehosting.googleapis.com/upload/sites/socialbook-dfac1/versions/e96712f7ccc03d2b/files/aa04c5b5ce4779f45b756ee9c9047862fad7c8ce620507fb1367d1376cfddea8 [stream]
[debug] [2023-05-02T16:37:22.578Z] [uploadQueue] Retrying task afe493f0e19401a894346e6cbb91f9ff4b1daa60cbbecb486aa5584b06864934
[debug] [2023-05-02T16:37:22.580Z] >>> [apiv2][query] POST https://upload-firebasehosting.googleapis.com/upload/sites/socialbook-dfac1/versions/e96712f7ccc03d2b/files/afe493f0e19401a894346e6cbb91f9ff4b1daa60cbbecb486aa5584b06864934 [none]
[debug] [2023-05-02T16:37:22.580Z] >>> [apiv2][body] POST https://upload-firebasehosting.googleapis.com/upload/sites/socialbook-dfac1/versions/e96712f7ccc03d2b/files/afe493f0e19401a894346e6cbb91f9ff4b1daa60cbbecb486aa5584b06864934 [stream]
[debug] [2023-05-02T16:37:58.814Z] [uploadQueue] Retrying task 0936e4c56dcb60262ca0d7ec491b0c43f699453908d34adb927652da4edf2eba
[debug] [2023-05-02T16:37:58.815Z] >>> [apiv2][query] POST https://upload-firebasehosting.googleapis.com/upload/sites/socialbook-dfac1/versions/e96712f7ccc03d2b/files/0936e4c56dcb60262ca0d7ec491b0c43f699453908d34adb927652da4edf2eba [none]
[debug] [2023-05-02T16:37:58.816Z] >>> [apiv2][body] POST https://upload-firebasehosting.googleapis.com/upload/sites/socialbook-dfac1/versions/e96712f7ccc03d2b/files/0936e4c56dcb60262ca0d7ec491b0c43f699453908d34adb927652da4edf2eba [stream]
[debug] [2023-05-02T16:38:08.460Z] [uploadQueue] Retrying task afe493f0e19401a894346e6cbb91f9ff4b1daa60cbbecb486aa5584b06864934
[debug] [2023-05-02T16:38:08.461Z] >>> [apiv2][query] POST https://upload-firebasehosting.googleapis.com/upload/sites/socialbook-dfac1/versions/e96712f7ccc03d2b/files/afe493f0e19401a894346e6cbb91f9ff4b1daa60cbbecb486aa5584b06864934 [none]
[debug] [2023-05-02T16:38:08.462Z] >>> [apiv2][body] POST https://upload-firebasehosting.googleapis.com/upload/sites/socialbook-dfac1/versions/e96712f7ccc03d2b/files/afe493f0e19401a894346e6cbb91f9ff4b1daa60cbbecb486aa5584b06864934 [stream]
[debug] [2023-05-02T16:38:15.976Z] [uploadQueue] Retrying task 28eaf8d004a6584e39d0a84996846ab6cfcfb0f3e8ff2c47933e4071ac8e8ef0
[debug] [2023-05-02T16:38:15.977Z] >>> [apiv2][query] POST https://upload-firebasehosting.googleapis.com/upload/sites/socialbook-dfac1/versions/e96712f7ccc03d2b/files/28eaf8d004a6584e39d0a84996846ab6cfcfb0f3e8ff2c47933e4071ac8e8ef0 [none]
[debug] [2023-05-02T16:38:15.977Z] >>> [apiv2][body] POST https://upload-firebasehosting.googleapis.com/upload/sites/socialbook-dfac1/versions/e96712f7ccc03d2b/files/28eaf8d004a6584e39d0a84996846ab6cfcfb0f3e8ff2c47933e4071ac8e8ef0 [stream]
[debug] [2023-05-02T16:38:25.093Z] [uploadQueue] Retrying task aa04c5b5ce4779f45b756ee9c9047862fad7c8ce620507fb1367d1376cfddea8
[debug] [2023-05-02T16:38:25.095Z] >>> [apiv2][query] POST https://upload-firebasehosting.googleapis.com/upload/sites/socialbook-dfac1/versions/e96712f7ccc03d2b/files/aa04c5b5ce4779f45b756ee9c9047862fad7c8ce620507fb1367d1376cfddea8 [none]
[debug] [2023-05-02T16:38:25.095Z] >>> [apiv2][body] POST https://upload-firebasehosting.googleapis.com/upload/sites/socialbook-dfac1/versions/e96712f7ccc03d2b/files/aa04c5b5ce4779f45b756ee9c9047862fad7c8ce620507fb1367d1376cfddea8 [stream]
[debug] [2023-05-02T16:38:56.776Z] [uploadQueue] Retrying task 0936e4c56dcb60262ca0d7ec491b0c43f699453908d34adb927652da4edf2eba
[debug] [2023-05-02T16:38:56.777Z] >>> [apiv2][query] POST https://upload-firebasehosting.googleapis.com/upload/sites/socialbook-dfac1/versions/e96712f7ccc03d2b/files/0936e4c56dcb60262ca0d7ec491b0c43f699453908d34adb927652da4edf2eba [none]
[debug] [2023-05-02T16:38:56.777Z] >>> [apiv2][body] POST https://upload-firebasehosting.googleapis.com/upload/sites/socialbook-dfac1/versions/e96712f7ccc03d2b/files/0936e4c56dcb60262ca0d7ec491b0c43f699453908d34adb927652da4edf2eba [stream]
[debug] [2023-05-02T16:38:57.542Z] [uploadQueue] Retrying task afe493f0e19401a894346e6cbb91f9ff4b1daa60cbbecb486aa5584b06864934
[debug] [2023-05-02T16:38:57.543Z] >>> [apiv2][query] POST https://upload-firebasehosting.googleapis.com/upload/sites/socialbook-dfac1/versions/e96712f7ccc03d2b/files/afe493f0e19401a894346e6cbb91f9ff4b1daa60cbbecb486aa5584b06864934 [none]
[debug] [2023-05-02T16:38:57.543Z] >>> [apiv2][body] POST https://upload-firebasehosting.googleapis.com/upload/sites/socialbook-dfac1/versions/e96712f7ccc03d2b/files/afe493f0e19401a894346e6cbb91f9ff4b1daa60cbbecb486aa5584b06864934 [stream]
[debug] [2023-05-02T16:38:58.733Z] [uploadQueue] Retrying task 7d9267bfc98fc4169cf5fb7438e25d08a98ac1065cf37865ff061095915305be
[debug] [2023-05-02T16:38:58.734Z] >>> [apiv2][query] POST https://upload-firebasehosting.googleapis.com/upload/sites/socialbook-dfac1/versions/e96712f7ccc03d2b/files/7d9267bfc98fc4169cf5fb7438e25d08a98ac1065cf37865ff061095915305be [none]
[debug] [2023-05-02T16:38:58.735Z] >>> [apiv2][body] POST https://upload-firebasehosting.googleapis.com/upload/sites/socialbook-dfac1/versions/e96712f7ccc03d2b/files/7d9267bfc98fc4169cf5fb7438e25d08a98ac1065cf37865ff061095915305be [stream]
[debug] [2023-05-02T16:39:19.658Z] [uploadQueue] Retrying task 28eaf8d004a6584e39d0a84996846ab6cfcfb0f3e8ff2c47933e4071ac8e8ef0
[debug] [2023-05-02T16:39:19.659Z] >>> [apiv2][query] POST https://upload-firebasehosting.googleapis.com/upload/sites/socialbook-dfac1/versions/e96712f7ccc03d2b/files/28eaf8d004a6584e39d0a84996846ab6cfcfb0f3e8ff2c47933e4071ac8e8ef0 [none]
[debug] [2023-05-02T16:39:19.660Z] >>> [apiv2][body] POST https://upload-firebasehosting.googleapis.com/upload/sites/socialbook-dfac1/versions/e96712f7ccc03d2b/files/28eaf8d004a6584e39d0a84996846ab6cfcfb0f3e8ff2c47933e4071ac8e8ef0 [stream]
[debug] [2023-05-02T16:39:31.815Z] [uploadQueue] Retrying task aa04c5b5ce4779f45b756ee9c9047862fad7c8ce620507fb1367d1376cfddea8
[debug] [2023-05-02T16:39:31.817Z] >>> [apiv2][query] POST https://upload-firebasehosting.googleapis.com/upload/sites/socialbook-dfac1/versions/e96712f7ccc03d2b/files/aa04c5b5ce4779f45b756ee9c9047862fad7c8ce620507fb1367d1376cfddea8 [none]
[debug] [2023-05-02T16:39:31.817Z] >>> [apiv2][body] POST https://upload-firebasehosting.googleapis.com/upload/sites/socialbook-dfac1/versions/e96712f7ccc03d2b/files/aa04c5b5ce4779f45b756ee9c9047862fad7c8ce620507fb1367d1376cfddea8 [stream]
[debug] Task afe493f0e19401a894346e6cbb91f9ff4b1daa60cbbecb486aa5584b06864934 failed: retries exhausted after 6 attempts, with error: Timeout reached making request to https://upload-firebasehosting.googleapis.com/upload/sites/socialbook-dfac1/versions/e96712f7ccc03d2b/files/afe493f0e19401a894346e6cbb91f9ff4b1daa60cbbecb486aa5584b06864934
[debug] [2023-05-02T16:39:40.224Z] [hosting][upload queue][FINAL] {"max":0,"min":9999999999,"avg":0,"active":4,"complete":1,"success":0,"errored":1,"retried":18,"total":5,"elapsed":268498}
[debug] [2023-05-02T16:39:45.240Z] Error: Timed out.
    at Timeout._onTimeout (/home/rakesh/.nvm/versions/node/v16.19.0/lib/node_modules/firebase-tools/lib/utils.js:253:49)
    at listOnTimeout (node:internal/timers:559:17)
    at processTimers (node:internal/timers:502:7)
[error] 
[error] Error: An unexpected error has occurred.
